
=== Sat Apr 26 14:56:06 2025

Packages were changed.
Update Mode: updateDependencies

The following packages were added:
  com.unity.ai.navigation@1.1.5
The following packages were updated:
  com.unity.2d.animation from version 4.2.5 to 9.2.0
  com.unity.2d.pixel-perfect from version 3.0.2 to 5.1.0
  com.unity.2d.psdimporter from version 3.1.5 to 8.1.0
  com.unity.2d.spriteshape from version 4.1.3 to 9.1.0
  com.unity.cinemachine from version 2.5.0 to 2.10.3
  com.unity.collab-proxy from version 1.3.9 to 2.7.1
  com.unity.ext.nunit from version 1.0.0 to 1.0.6
  com.unity.ide.rider from version 1.2.1 to 3.0.35
  com.unity.ide.visualstudio from version 2.0.2 to 2.0.22
  com.unity.ide.vscode from version 1.2.1 to 1.2.5
  com.unity.postprocessing from version 2.3.0 to 3.4.0
  com.unity.test-framework from version 1.1.16 to 1.1.33
  com.unity.textmeshpro from version 3.0.1 to 3.0.7
  com.unity.timeline from version 1.3.4 to 1.7.7
  com.unity.xr.legacyinputhelpers from version 2.1.4 to 2.1.12
